<?xml version="1.0" encoding="UTF-8"?>
<!-- Generated by org.testng.reporters.JUnitReportReporter -->
<testsuite skipped="0" hostname="DESKTOP-MPL4FM9" name="tests.magentoshoppingTest" tests="1" failures="0" timestamp="06 Jan 2020 09:04:51 GMT" time="27.499" errors="0">
  <testcase name="LaunchBrowser" time="27.499" classname="tests.magentoshoppingTest"/>
</testsuite> <!-- tests.magentoshoppingTest -->
